android/build/outputs/logs/manifest-merger-debug-report.txt
-- Merging decision tree log ---
manifest
ADDED from Infinite Flydown v1\android\AndroidManifest.xml:2:1-31:12
	package
		ADDED from Infinite Flydown v1\android\AndroidManifest.xml:3:5-40
		INJECTED from Infinite Flydown v1\android\AndroidManifest.xml
		INJECTED from Infinite Flydown v1\android\AndroidManifest.xml
	android:versionName
		ADDED from Infinite Flydown v1\android\AndroidManifest.xml:5:5-30
		INJECTED from Infinite Flydown v1\android\AndroidManifest.xml
		INJECTED from Infinite Flydown v1\android\AndroidManifest.xml
	android:versionCode
		ADDED from Infinite Flydown v1\android\AndroidManifest.xml:4:5-28
		INJECTED from Infinite Flydown v1\android\AndroidManifest.xml
		INJECTED from Infinite Flydown v1\android\AndroidManifest.xml
	xmlns:android
		ADDED from Infinite Flydown v1\android\AndroidManifest.xml:2:11-69
uses-sdk
ADDED from Infinite Flydown v1\android\AndroidManifest.xml:7:5-74
MERGED from [Infinite Flydown v1:BaseGameUtils:1.0] AndroidManifest.xml:22:5-24:41
MERGED from [com.android.support:appcompat-v7:20.0.0] AndroidManifest.xml:16:5-42
MERGED from [com.google.android.gms:play-services-games:10.0.1] AndroidManifest.xml:17:5-42
MERGED from [com.google.android.gms:play-services-drive:10.0.1] AndroidManifest.xml:17:5-42
MERGED from [com.google.android.gms:play-services-plus:8.4.0] AndroidManifest.xml:18:5-42
MERGED from [com.google.android.gms:play-services-base:10.0.1] AndroidManifest.xml:17:5-42
MERGED from [com.google.android.gms:play-services-tasks:10.0.1] AndroidManifest.xml:3:5-42
MERGED from [com.google.android.gms:play-services-basement:10.0.1] AndroidManifest.xml:17:5-42
MERGED from [com.android.support:support-v4:24.0.0] AndroidManifest.xml:21:5-23:54
	tools:overrideLibrary
		ADDED from [com.android.support:support-v4:24.0.0] AndroidManifest.xml:23:9-51
	android:targetSdkVersion
		ADDED from Infinite Flydown v1\android\AndroidManifest.xml:7:42-71
		INJECTED from Infinite Flydown v1\android\AndroidManifest.xml
		INJECTED from Infinite Flydown v1\android\AndroidManifest.xml
	android:minSdkVersion
		ADDED from Infinite Flydown v1\android\AndroidManifest.xml:7:15-41
		INJECTED from Infinite Flydown v1\android\AndroidManifest.xml
		INJECTED from Infinite Flydown v1\android\AndroidManifest.xml
application
ADDED from Infinite Flydown v1\android\AndroidManifest.xml:9:5-27:19
MERGED from [Infinite Flydown v1:BaseGameUtils:1.0] AndroidManifest.xml:26:5-30:19
MERGED from [com.android.support:appcompat-v7:20.0.0] AndroidManifest.xml:17:5-19
MERGED from [com.google.android.gms:play-services-games:10.0.1] AndroidManifest.xml:18:5-19
MERGED from [com.google.android.gms:play-services-drive:10.0.1] AndroidManifest.xml:18:5-19
MERGED from [com.google.android.gms:play-services-plus:8.4.0] AndroidManifest.xml:19:5-20
MERGED from [com.google.android.gms:play-services-base:10.0.1] AndroidManifest.xml:18:5-20:19
MERGED from [com.google.android.gms:play-services-tasks:10.0.1] AndroidManifest.xml:4:5-19
MERGED from [com.google.android.gms:play-services-basement:10.0.1] AndroidManifest.xml:19:5-21:19
MERGED from [com.android.support:support-v4:24.0.0] AndroidManifest.xml:25:5-20
	android:label
		ADDED from Infinite Flydown v1\android\AndroidManifest.xml:12:9-41
	android:allowBackup
		ADDED from Infinite Flydown v1\android\AndroidManifest.xml:10:9-35
	android:icon
		ADDED from Infinite Flydown v1\android\AndroidManifest.xml:11:9-43
	android:theme
		ADDED from Infinite Flydown v1\android\AndroidManifest.xml:13:9-40
activity#unconventional.gamez.game.AndroidLauncher
ADDED from Infinite Flydown v1\android\AndroidManifest.xml:14:9-23:20
	android:screenOrientation
		ADDED from Infinite Flydown v1\android\AndroidManifest.xml:17:13-49
	android:label
		ADDED from Infinite Flydown v1\android\AndroidManifest.xml:16:13-45
	android:configChanges
		ADDED from Infinite Flydown v1\android\AndroidManifest.xml:18:13-83
	android:name
		ADDED from Infinite Flydown v1\android\AndroidManifest.xml:15:13-69
intent-filter#android.intent.action.MAIN+android.intent.category.LAUNCHER
ADDED from Infinite Flydown v1\android\AndroidManifest.xml:19:13-22:29
action#android.intent.action.MAIN
ADDED from Infinite Flydown v1\android\AndroidManifest.xml:20:17-69
	android:name
		ADDED from Infinite Flydown v1\android\AndroidManifest.xml:20:25-66
category#android.intent.category.LAUNCHER
ADDED from Infinite Flydown v1\android\AndroidManifest.xml:21:17-77
	android:name
		ADDED from Infinite Flydown v1\android\AndroidManifest.xml:21:27-74
meta-data#com.google.android.gms.games.APP_ID
ADDED from Infinite Flydown v1\android\AndroidManifest.xml:25:9-104
	android:value
		ADDED from Infinite Flydown v1\android\AndroidManifest.xml:25:71-101
	android:name
		ADDED from Infinite Flydown v1\android\AndroidManifest.xml:25:20-70
meta-data#com.google.android.gms.version
ADDED from Infinite Flydown v1\android\AndroidManifest.xml:26:9-122
MERGED from [com.google.android.gms:play-services-basement:10.0.1] AndroidManifest.xml:20:9-121
	android:value
		ADDED from Infinite Flydown v1\android\AndroidManifest.xml:26:66-119
	android:name
		ADDED from Infinite Flydown v1\android\AndroidManifest.xml:26:20-65
uses-permission#android.permission.INTERNET
ADDED from Infinite Flydown v1\android\AndroidManifest.xml:29:5-67
	android:name
		ADDED from Infinite Flydown v1\android\AndroidManifest.xml:29:22-64
uses-permission#android.permission.ACCESS_NETWORK_STATE
ADDED from Infinite Flydown v1\android\AndroidManifest.xml:30:5-79
	android:name
		ADDED from Infinite Flydown v1\android\AndroidManifest.xml:30:22-76
meta-data#unityplayer.ForwardNativeEventsToDalvik
ADDED from [Infinite Flydown v1:BaseGameUtils:1.0] AndroidManifest.xml:27:9-29:36
	android:value
		ADDED from [Infinite Flydown v1:BaseGameUtils:1.0] AndroidManifest.xml:29:13-33
	android:name
		ADDED from [Infinite Flydown v1:BaseGameUtils:1.0] AndroidManifest.xml:28:13-67
activity#com.google.android.gms.common.api.GoogleApiActivity
ADDED from [com.google.android.gms:play-services-base:10.0.1] AndroidManifest.xml:19:9-172
	android:exported
		ADDED from [com.google.android.gms:play-services-base:10.0.1] AndroidManifest.xml:19:146-170
	android:theme
		ADDED from [com.google.android.gms:play-services-base:10.0.1] AndroidManifest.xml:19:86-145
	android:name
		ADDED from [com.google.android.gms:play-services-base:10.0.1] AndroidManifest.xml:19:19-85